<?xml version="1.0" encoding="UTF-8"?>
<!-- Generated by org.testng.reporters.JUnitXMLReporter -->
<testsuite ignored="4" hostname="VishnuPC" failures="0" tests="2" name="Test2" time="144.263" errors="0" timestamp="2022-03-30T00:47:11 IST">
  <testcase classname="com.crm.seleniumframework.contact.CreateContactWithOrgTest" name="createContactwithOrg" time="68.184"/>
  <testcase classname="com.crm.seleniumframework.organization.CreateOrgWithIndustryTest" name="createOrganizationWithIndustry" time="32.818"/>
  <testcase classname="com.crm.genericutility.BaseClass" name="@BeforeTest beforetest" time="0.0">
    <ignored/>
  </testcase> <!-- @BeforeTest beforetest -->
  <testcase classname="com.crm.genericutility.BaseClass" name="@AfterSuite aftersuite" time="0.0">
    <ignored/>
  </testcase> <!-- @AfterSuite aftersuite -->
  <testcase classname="com.crm.genericutility.BaseClass" name="@AfterTest aftertest" time="0.0">
    <ignored/>
  </testcase> <!-- @AfterTest aftertest -->
  <testcase classname="com.crm.genericutility.BaseClass" name="@BeforeSuite beforesuite" time="0.0">
    <ignored/>
  </testcase> <!-- @BeforeSuite beforesuite -->
</testsuite> <!-- Test2 -->
